<?xml version="1.0" encoding="UTF-8"?>
<testsuite xmlns:xsi="http://www.w3.org/2001/XMLSchema-instance" xsi:schemaLocation="https://maven.apache.org/surefire/maven-surefire-plugin/xsd/surefire-test-report.xsd" name="raiffeisen.CucumberRunner" time="31.394" tests="18" errors="0" skipped="0" failures="0">
  <properties>
    <property name="idea.version" value="2018.2.6"/>
    <property name="java.runtime.name" value="Java(TM) SE Runtime Environment"/>
    <property name="sun.boot.library.path" value="C:\Program Files\Java\jdk1.8.0_181\jre\bin"/>
    <property name="java.vm.version" value="25.181-b13"/>
    <property name="java.vm.vendor" value="Oracle Corporation"/>
    <property name="maven.multiModuleProjectDirectory" value="C:\Homework"/>
    <property name="java.vendor.url" value="http://java.oracle.com/"/>
    <property name="path.separator" value=";"/>
    <property name="guice.disable.misplaced.annotation.check" value="true"/>
    <property name="java.vm.name" value="Java HotSpot(TM) 64-Bit Server VM"/>
    <property name="file.encoding.pkg" value="sun.io"/>
    <property name="user.script" value=""/>
    <property name="user.country" value="RU"/>
    <property name="sun.java.launcher" value="SUN_STANDARD"/>
    <property name="sun.os.patch.level" value=""/>
    <property name="java.vm.specification.name" value="Java Virtual Machine Specification"/>
    <property name="user.dir" value="C:\Homework"/>
    <property name="java.runtime.version" value="1.8.0_181-b13"/>
    <property name="java.awt.graphicsenv" value="sun.awt.Win32GraphicsEnvironment"/>
    <property name="java.endorsed.dirs" value="C:\Program Files\Java\jdk1.8.0_181\jre\lib\endorsed"/>
    <property name="os.arch" value="amd64"/>
    <property name="java.io.tmpdir" value="C:\Users\Andrey\AppData\Local\Temp\"/>
    <property name="line.separator" value="&#10;"/>
    <property name="java.vm.specification.vendor" value="Oracle Corporation"/>
    <property name="user.variant" value=""/>
    <property name="os.name" value="Windows 10"/>
    <property name="classworlds.conf" value="C:\Program Files\JetBrains\IntelliJ IDEA Community Edition 2018.2.2\plugins\maven\lib\maven3\bin\m2.conf"/>
    <property name="sun.jnu.encoding" value="Cp1251"/>
    <property name="java.library.path" value="C:\Program Files\Java\jdk1.8.0_181\bin;C:\Windows\Sun\Java\bin;C:\Windows\system32;C:\Windows;C:\Program Files (x86)\Common Files\Oracle\Java\javapath;C:\Windows\system32;C:\Windows;C:\Windows\System32\Wbem;C:\Windows\System32\WindowsPowerShell\v1.0\;C:\Windows\System32\OpenSSH\;C:\Program Files (x86)\NVIDIA Corporation\PhysX\Common;C:\Program Files\Microsoft SQL Server\Client SDK\ODBC\110\Tools\Binn\;C:\Program Files (x86)\Microsoft SQL Server\120\Tools\Binn\;C:\Program Files\Microsoft SQL Server\120\Tools\Binn\;C:\Program Files\Microsoft SQL Server\120\DTS\Binn\;C:\Program Files (x86)\Microsoft SQL Server\120\Tools\Binn\ManagementStudio\;C:\Program Files (x86)\Microsoft SQL Server\120\DTS\Binn\;C:\Program Files\Git\cmd;C:\Program Files\Java\jdk1.8.0_181\bin;C:\Program Files\Java\jre1.8.0_181\bin;C:\Program Files\Java\apache-maven-3.5.4\\bin;C:\Program Files\Java\jdk1.8.0_181\\bin;C:\Users\Andrey\AppData\Local\Microsoft\WindowsApps;C:\Users\Andrey\AppData\Local\GitHubDesktop\bin;."/>
    <property name="java.specification.name" value="Java Platform API Specification"/>
    <property name="java.class.version" value="52.0"/>
    <property name="sun.management.compiler" value="HotSpot 64-Bit Tiered Compilers"/>
    <property name="os.version" value="10.0"/>
    <property name="user.home" value="C:\Users\Andrey"/>
    <property name="user.timezone" value="Europe/Moscow"/>
    <property name="java.awt.printerjob" value="sun.awt.windows.WPrinterJob"/>
    <property name="java.specification.version" value="1.8"/>
    <property name="file.encoding" value="UTF-8"/>
    <property name="user.name" value="Andrey"/>
    <property name="java.class.path" value="C:\Program Files\JetBrains\IntelliJ IDEA Community Edition 2018.2.2\plugins\maven\lib\maven3\boot\plexus-classworlds-2.5.2.jar;C:\Program Files\JetBrains\IntelliJ IDEA Community Edition 2018.2.2\lib\idea_rt.jar"/>
    <property name="java.vm.specification.version" value="1.8"/>
    <property name="enviroment" value="true"/>
    <property name="sun.arch.data.model" value="64"/>
    <property name="java.home" value="C:\Program Files\Java\jdk1.8.0_181\jre"/>
    <property name="sun.java.command" value="org.codehaus.classworlds.Launcher -Didea.version=2018.2.6 clean -Denviroment install"/>
    <property name="java.specification.vendor" value="Oracle Corporation"/>
    <property name="user.language" value="ru"/>
    <property name="awt.toolkit" value="sun.awt.windows.WToolkit"/>
    <property name="java.vm.info" value="mixed mode"/>
    <property name="java.version" value="1.8.0_181"/>
    <property name="java.ext.dirs" value="C:\Program Files\Java\jdk1.8.0_181\jre\lib\ext;C:\Windows\Sun\Java\lib\ext"/>
    <property name="sun.boot.class.path" value="C:\Program Files\Java\jdk1.8.0_181\jre\lib\resources.jar;C:\Program Files\Java\jdk1.8.0_181\jre\lib\rt.jar;C:\Program Files\Java\jdk1.8.0_181\jre\lib\sunrsasign.jar;C:\Program Files\Java\jdk1.8.0_181\jre\lib\jsse.jar;C:\Program Files\Java\jdk1.8.0_181\jre\lib\jce.jar;C:\Program Files\Java\jdk1.8.0_181\jre\lib\charsets.jar;C:\Program Files\Java\jdk1.8.0_181\jre\lib\jfr.jar;C:\Program Files\Java\jdk1.8.0_181\jre\classes"/>
    <property name="java.vendor" value="Oracle Corporation"/>
    <property name="maven.home" value="C:\Program Files\JetBrains\IntelliJ IDEA Community Edition 2018.2.2\plugins\maven\lib\maven3"/>
    <property name="file.separator" value="\"/>
    <property name="java.vendor.url.bug" value="http://bugreport.sun.com/bugreport/"/>
    <property name="sun.cpu.endian" value="little"/>
    <property name="sun.io.unicode.encoding" value="UnicodeLittle"/>
    <property name="sun.desktop" value="windows"/>
    <property name="sun.cpu.isalist" value="amd64"/>
  </properties>
  <testcase name="* подтвержден регион" classname="Сценарий: Ипотечный калькулятор" time="0.003"/>
  <testcase name="* выбран пункт меню &quot;Ипотека&quot;" classname="Сценарий: Ипотечный калькулятор" time="0"/>
  <testcase name="* выбран подпункт меню &quot;Ипотечный калькулятор&quot;" classname="Сценарий: Ипотечный калькулятор" time="0"/>
  <testcase name="* на странице присутствует заголовок &quot;Ипотечный калькулятор&quot;" classname="Сценарий: Ипотечный калькулятор" time="0"/>
  <testcase name="* выполнено нажатие на &quot;Знаю свою ипотечную программу&quot;" classname="Сценарий: Ипотечный калькулятор" time="0"/>
  <testcase name="* выпадающий список &quot;Город&quot; заполняется значением &quot;Москва&quot;" classname="Сценарий: Ипотечный калькулятор" time="0"/>
  <testcase name="* выпадающий список &quot;Вид ипотечной программы&quot; заполняется значением &quot;Квартира на вторичном рынке&quot;" classname="Сценарий: Ипотечный калькулятор" time="0"/>
  <testcase name="* выпадающий список &quot;Я являюсь&quot; заполняется значением &quot;Новый клиент&quot;" classname="Сценарий: Ипотечный калькулятор" time="0"/>
  <testcase name="* выпадающий список &quot;Уровень доходов подтверждаю&quot; заполняется значением &quot;Справка по форме Банка&quot;" classname="Сценарий: Ипотечный калькулятор" time="0"/>
  <testcase name="* поле &quot;В банке возьму&quot; заполняется значением &quot;3000000&quot;" classname="Сценарий: Ипотечный калькулятор" time="0"/>
  <testcase name="* поле &quot;Первоначальный взнос&quot; заполняется значением &quot;3500000&quot;" classname="Сценарий: Ипотечный калькулятор" time="0"/>
  <testcase name="* поле &quot;Срок кредита&quot; заполняется значением &quot;10&quot;" classname="Сценарий: Ипотечный калькулятор" time="0"/>
  <testcase name="* выполнено нажатие на &quot;Рассчитать&quot;" classname="Сценарий: Ипотечный калькулятор" time="0.001"/>
  <testcase name="* значение поля &quot;Ежемесячный платеж&quot; равно &quot;40 656.67 руб.&quot;" classname="Сценарий: Ипотечный калькулятор" time="0"/>
  <testcase name="* значение поля &quot;Общая сумма выплат&quot; равно &quot;4 836 815.44 руб.&quot;" classname="Сценарий: Ипотечный калькулятор" time="0.001"/>
  <testcase name="* значение поля &quot;Cумма выплат по процентам&quot; равно &quot;1 836 815.44 руб.&quot;" classname="Сценарий: Ипотечный калькулятор" time="0"/>
  <testcase name="* значение поля &quot;Процентная ставка&quot; равно &quot;10.49 %&quot;" classname="Сценарий: Ипотечный калькулятор" time="0"/>
  <testcase name="Сценарий: Ипотечный калькулятор" classname="Сценарий: Ипотечный калькулятор" time="0.879"/>
</testsuite>